<?xml version="1.0" encoding="UTF-8"?>
<testsuite name="polymorphia.characters.CharacterTest" tests="4" skipped="0" failures="0" errors="0" timestamp="2025-11-25T01:02:53.985Z" hostname="SkrillexIsMyDad" time="0.004">
  <properties/>
  <testcase name="testToString()" classname="polymorphia.characters.CharacterTest" time="0.001"/>
  <testcase name="testFightingMandatoryLossOfHalfAPoint()" classname="polymorphia.characters.CharacterTest" time="0.0"/>
  <testcase name="testLoseHealthAndDeath()" classname="polymorphia.characters.CharacterTest" time="0.0"/>
  <testcase name="isAlive()" classname="polymorphia.characters.CharacterTest" time="0.0"/>
  <system-out><![CDATA[Joe(10.00)
?[33mJoe is fighting Ogre(5.00)
?[0;39m?[33mJoe rolled 3
?[0;39m?[33mOgre(5.00) rolled 1
?[0;39m?[33mJoe fought Ogre and won!
?[0;39m?[33mAfter the fight, Joe's health is: 9.5
?[0;39m?[33mJoe just died!
?[0;39m?[33mJoe(0.00)
?[0;39m]]></system-out>
  <system-err><![CDATA[]]></system-err>
</testsuite>
