<?xml version="1.0" encoding="UTF-8"?>
<testsuite name="polymorphia.characters.GluttonTest" tests="2" skipped="0" failures="0" errors="0" timestamp="2025-11-25T01:02:53.997Z" hostname="SkrillexIsMyDad" time="0.001">
  <properties/>
  <testcase name="testFighting()" classname="polymorphia.characters.GluttonTest" time="0.001"/>
  <testcase name="testEating()" classname="polymorphia.characters.GluttonTest" time="0.0"/>
  <system-out><![CDATA[?[33mGlutton ate Steak
?[0;39m?[33mRoom OnlyRoom has no neighbors. Connecting it to another room.
?[0;39m?[33mGlutton ate Cake
?[0;39m]]></system-out>
  <system-err><![CDATA[]]></system-err>
</testsuite>
