<?xml version="1.0" encoding="UTF-8"?>
<testsuite name="polymorphia.maze.RoomTest" tests="4" skipped="0" failures="0" errors="0" timestamp="2025-11-26T01:13:02.495Z" hostname="SkrillexIsMyDad" time="0.004">
  <properties/>
  <testcase name="testMovingRoomLossOfQuarterPoint()" classname="polymorphia.maze.RoomTest" time="0.001"/>
  <testcase name="getRandomNeighbor()" classname="polymorphia.maze.RoomTest" time="0.001"/>
  <testcase name="testToString()" classname="polymorphia.maze.RoomTest" time="0.001"/>
  <testcase name="testGetRandomNeighborOnRoomWithNoNeighbors()" classname="polymorphia.maze.RoomTest" time="0.001"/>
  <system-out><![CDATA[?[33mJoe moved from newRoom to currentRoom
?[0;39m?[33mAfter moving rooms, Joe's health is: 9.75
?[0;39m	onlyRoom:
		Bilbo(10.00)
		Ogre(5.00)

]]></system-out>
  <system-err><![CDATA[]]></system-err>
</testsuite>
