<?xml version="1.0" encoding="UTF-8"?>
<testsuite name="polymorphia.maze.MazeTest" tests="7" skipped="0" failures="0" errors="0" timestamp="2025-11-26T01:13:02.488Z" hostname="SkrillexIsMyDad" time="0.006">
  <properties/>
  <testcase name="testHasLivingCreatures()" classname="polymorphia.maze.MazeTest" time="0.0"/>
  <testcase name="testToString()" classname="polymorphia.maze.MazeTest" time="0.001"/>
  <testcase name="testSequentialDistribution()" classname="polymorphia.maze.MazeTest" time="0.001"/>
  <testcase name="testRandomDistribution()" classname="polymorphia.maze.MazeTest" time="0.001"/>
  <testcase name="testHasLivingAdventurers()" classname="polymorphia.maze.MazeTest" time="0.001"/>
  <testcase name="testCreationOf2x2Grid()" classname="polymorphia.maze.MazeTest" time="0.0"/>
  <testcase name="testCreationOf3x3Grid()" classname="polymorphia.maze.MazeTest" time="0.0"/>
  <system-out><![CDATA[?[33m	Northwest:
		


	Northeast:
		Ogre(5.00)


	Southwest:
		


	Southeast:
		Bilbo(10.00)

?[0;39m?[33m	Northwest:
		Bilbo(10.00)


	Northeast:
		Ogre(5.00)


	Southwest:
		Fiona(10.00)


	Southeast:
		

?[0;39m?[33m	Northwest:
		Troll(5.00)


	North:
		


	Northeast:
		Ogre(5.00)


	West:
		Dragon(5.00)
		Orc(5.00)


	Center:
		Medusa(5.00)


	East:
		Fiona(10.00)


	Southwest:
		Bilbo(10.00)


	South:
		


	Southeast:
		

?[0;39m]]></system-out>
  <system-err><![CDATA[]]></system-err>
</testsuite>
