<?xml version="1.0" encoding="UTF-8"?>
<testsuite name="polymorphia.characters.CowardTest" tests="2" skipped="0" failures="0" errors="0" timestamp="2025-11-25T01:02:53.990Z" hostname="SkrillexIsMyDad" time="0.002">
  <properties/>
  <testcase name="testFighting()" classname="polymorphia.characters.CowardTest" time="0.001"/>
  <testcase name="testRunning()" classname="polymorphia.characters.CowardTest" time="0.001"/>
  <system-out><![CDATA[?[33mSatan is fighting Coward(5.00)
?[0;39m?[33mSatan rolled 1
?[0;39m?[33mCoward(5.00) rolled 6
?[0;39m?[33mSatan fought Coward and lost!
?[0;39m?[33mCoward moved from final to initial
?[0;39m]]></system-out>
  <system-err><![CDATA[]]></system-err>
</testsuite>
