<?xml version="1.0" encoding="UTF-8"?>
<testsuite name="polymorphia.maze.MazeTest" tests="7" skipped="0" failures="0" errors="0" timestamp="2025-11-25T01:02:54Z" hostname="SkrillexIsMyDad" time="0.008">
  <properties/>
  <testcase name="testHasLivingCreatures()" classname="polymorphia.maze.MazeTest" time="0.001"/>
  <testcase name="testToString()" classname="polymorphia.maze.MazeTest" time="0.001"/>
  <testcase name="testSequentialDistribution()" classname="polymorphia.maze.MazeTest" time="0.001"/>
  <testcase name="testRandomDistribution()" classname="polymorphia.maze.MazeTest" time="0.002"/>
  <testcase name="testHasLivingAdventurers()" classname="polymorphia.maze.MazeTest" time="0.001"/>
  <testcase name="testCreationOf2x2Grid()" classname="polymorphia.maze.MazeTest" time="0.001"/>
  <testcase name="testCreationOf3x3Grid()" classname="polymorphia.maze.MazeTest" time="0.001"/>
  <system-out><![CDATA[?[33m	Northwest:
		


	Northeast:
		


	Southwest:
		Ogre(5.00)


	Southeast:
		Bilbo(10.00)

?[0;39m?[33m	Northwest:
		


	Northeast:
		Fiona(10.00)


	Southwest:
		Bilbo(10.00)


	Southeast:
		Ogre(5.00)

?[0;39m?[33m	Northwest:
		


	North:
		Medusa(5.00)


	Northeast:
		Ogre(5.00)


	West:
		Troll(5.00)


	Center:
		


	East:
		Fiona(10.00)


	Southwest:
		Bilbo(10.00)


	South:
		Orc(5.00)


	Southeast:
		Dragon(5.00)

?[0;39m]]></system-out>
  <system-err><![CDATA[]]></system-err>
</testsuite>
